<?xml version="1.0" encoding="UTF-8"?>
<beans xmlns="http://www.springframework.org/schema/beans"
	xmlns:xsi="http://www.w3.org/2001/XMLSchema-instance"
	xsi:schemaLocation="http://www.springframework.org/schema/beans http://www.springframework.org/schema/beans/spring-beans.xsd">

	<bean class="org.springframework.beans.factory.config.ListFactoryBean">
	  <property name="sourceList">
			<list element-type="org.springframework.ws.client.support.interceptor.ClientInterceptor">
				<bean
					class="org.springframework.ws.soap.security.wss4j.Wss4jSecurityInterceptor">
					<property name="securementActions" value="UsernameToken Timestamp" />
					<property name="securementUsername" value="Bert" />
					<property name="securementPassword" value="Ernie" />
				</bean>
			</list>
	  </property>
	</bean>
</beans>
